[ุงุทูุงุนุงุช ] - 2025-06-30 10:52:16 - ==================================================
[ุงุทูุงุนุงุช ] - 2025-06-30 10:52:16 - ุงุณฺฉุฑูพุช ุฌูุนโุขูุฑ ู ุฏุณุชูโุจูุฏ ฺฉุงููฺฏโูุง ุดุฑูุน ุจู ฺฉุงุฑ ฺฉุฑุฏ
[ุงุทูุงุนุงุช ] - 2025-06-30 10:52:16 - ==================================================
[ุงุทูุงุนุงุช ] - 2025-06-30 10:52:16 - ุฏุฑุญุงู ุงุฑุณุงู ุฏุฑุฎูุงุณุช ุจู https://raw.githubusercontent.com/10ium/multi-proxy-config-fetcher/refs/heads/main/configs/proxy_configs.txt ...
[ุงุทูุงุนุงุช ] - 2025-06-30 10:52:16 - ุฏุฑุญุงู ุงุฑุณุงู ุฏุฑุฎูุงุณุช ุจู https://raw.githubusercontent.com/DiDiten/multi-proxy-config-fetcher/refs/heads/main/configs/proxy_configs.txt ...
[ุงุทูุงุนุงุช ] - 2025-06-30 10:52:16 - ุฏุฑุญุงู ุงุฑุณุงู ุฏุฑุฎูุงุณุช ุจู https://raw.githubusercontent.com/10ium/HiN-VPN/main/subscription/base64/mix ...
[ุงุทูุงุนุงุช ] - 2025-06-30 10:52:16 - ุฏุฑุญุงู ุงุฑุณุงู ุฏุฑุฎูุงุณุช ุจู https://raw.githubusercontent.com/DiDiten/HiN-VPN/main/subscription/base64/mix ...
[ุงุทูุงุนุงุช ] - 2025-06-30 10:52:16 - ุฏุฑุญุงู ุงุฑุณุงู ุฏุฑุฎูุงุณุช ุจู https://raw.githubusercontent.com/soroushmirzaei/telegram-configs-collector/main/countries/ir/mixed ...
[ุงุทูุงุนุงุช ] - 2025-06-30 10:52:16 - ูุญุชูุง Base64 ุงุฒ https://raw.githubusercontent.com/soroushmirzaei/telegram-configs-collector/main/countries/ir/mixed ุจุง ููููุช ุฏฺฉูุฏ ุดุฏ.
[ุงุทูุงุนุงุช ] - 2025-06-30 10:52:16 - ูุญุชูุง Base64 ุงุฒ https://raw.githubusercontent.com/10ium/HiN-VPN/main/subscription/base64/mix ุจุง ููููุช ุฏฺฉูุฏ ุดุฏ.
[ุงุทูุงุนุงุช ] - 2025-06-30 10:52:16 - ูุญุชูุง ูุชู ุงุฒ https://raw.githubusercontent.com/10ium/multi-proxy-config-fetcher/refs/heads/main/configs/proxy_configs.txt ุจุง ููููุช ุงุณุชุฎุฑุงุฌ ุดุฏ.
[ุงุทูุงุนุงุช ] - 2025-06-30 10:52:16 - ูุญุชูุง Base64 ุงุฒ https://raw.githubusercontent.com/DiDiten/HiN-VPN/main/subscription/base64/mix ุจุง ููููุช ุฏฺฉูุฏ ุดุฏ.
[ุงุทูุงุนุงุช ] - 2025-06-30 10:52:16 - ูุญุชูุง ูุชู ุงุฒ https://raw.githubusercontent.com/DiDiten/multi-proxy-config-fetcher/refs/heads/main/configs/proxy_configs.txt ุจุง ููููุช ุงุณุชุฎุฑุงุฌ ุดุฏ.
[ุงุทูุงุนุงุช ] - 2025-06-30 10:52:16 - --- ุดุฑูุน ุชุญูู ู ุชุฌูุน ูุชุงุฌ ---
[ุงุทูุงุนุงุช ] - 2025-06-30 10:52:16 - ๐ ุขูุงุฑ ุจุฑุง https://raw.githubusercontent.com/10ium/multi-proxy-config-fetcher/refs/heads/main/configs/proxy_configs.txt -> ฺฉู: 524, ุงุฑุงู: 5, [Vmess: 84, Vless: 84, Trojan: 84, ShadowSocks: 252, WireGuard: 20]
[ุงุทูุงุนุงุช ] - 2025-06-30 10:52:16 - ๐ ุขูุงุฑ ุจุฑุง https://raw.githubusercontent.com/DiDiten/multi-proxy-config-fetcher/refs/heads/main/configs/proxy_configs.txt -> ฺฉู: 796, ุงุฑุงู: 63, [Vmess: 108, Vless: 266, Trojan: 15, ShadowSocks: 387, WireGuard: 20]
[ุงุทูุงุนุงุช ] - 2025-06-30 10:52:16 - ๐ ุขูุงุฑ ุจุฑุง https://raw.githubusercontent.com/10ium/HiN-VPN/main/subscription/base64/mix -> ฺฉู: 833, ุงุฑุงู: 31, [Vmess: 16, Vless: 317, Trojan: 29, ShadowSocks: 471]
[ุงุทูุงุนุงุช ] - 2025-06-30 10:52:16 - ๐ ุขูุงุฑ ุจุฑุง https://raw.githubusercontent.com/DiDiten/HiN-VPN/main/subscription/base64/mix -> ฺฉู: 477, ุงุฑุงู: 19, [Vmess: 8, Vless: 215, Trojan: 7, ShadowSocks: 247]
[ุงุทูุงุนุงุช ] - 2025-06-30 10:52:17 - ๐ ุขูุงุฑ ุจุฑุง https://raw.githubusercontent.com/soroushmirzaei/telegram-configs-collector/main/countries/ir/mixed -> ฺฉู: 1635, ุงุฑุงู: 58, [Vmess: 58, Vless: 739, Trojan: 7, ShadowSocks: 831]
[ุงุทูุงุนุงุช ] - 2025-06-30 10:52:17 - --- ุดุฑูุน ุฐุฎุฑูโุณุงุฒ ูุงูโูุง ---
[ุงุทูุงุนุงุช ] - 2025-06-30 10:52:17 - ูพูุดู ูุฏู output_configs ุจุง ููููุช ุญุฐู ุดุฏ.
[ุงุทูุงุนุงุช ] - 2025-06-30 10:52:17 - ูพูุดู output_configs ุจุง ููููุช ุงุฌุงุฏ ุดุฏ.
[ุงุทูุงุนุงุช ] - 2025-06-30 10:52:17 - ูพูุดู ูุฏู output_base64_countries ุจุง ููููุช ุญุฐู ุดุฏ.
[ุงุทูุงุนุงุช ] - 2025-06-30 10:52:17 - ูพูุดู output_base64_countries ุจุง ููููุช ุงุฌุงุฏ ุดุฏ.
[ุงุทูุงุนุงุช ] - 2025-06-30 10:52:17 - ุชุนุฏุงุฏ 186 ฺฉุงููฺฏ ุฏุฑ ูุงู output_configs/Vmess.txt ุฐุฎุฑู ุดุฏ.
[ุงุทูุงุนุงุช ] - 2025-06-30 10:52:17 - ุชุนุฏุงุฏ 1570 ฺฉุงููฺฏ ุฏุฑ ูุงู output_configs/Vless.txt ุฐุฎุฑู ุดุฏ.
[ุงุทูุงุนุงุช ] - 2025-06-30 10:52:17 - ุชุนุฏุงุฏ 137 ฺฉุงููฺฏ ุฏุฑ ูุงู output_configs/Trojan.txt ุฐุฎุฑู ุดุฏ.
[ุงุทูุงุนุงุช ] - 2025-06-30 10:52:17 - ุชุนุฏุงุฏ 2037 ฺฉุงููฺฏ ุฏุฑ ูุงู output_configs/ShadowSocks.txt ุฐุฎุฑู ุดุฏ.
[ุงุทูุงุนุงุช ] - 2025-06-30 10:52:17 - ุชุนุฏุงุฏ 40 ฺฉุงููฺฏ ุฏุฑ ูุงู output_configs/WireGuard.txt ุฐุฎุฑู ุดุฏ.
[ุงุทูุงุนุงุช ] - 2025-06-30 10:52:17 - ุชุนุฏุงุฏ 610 ฺฉุงููฺฏ ุฏุฑ ูุงู output_configs/USA.txt ุฐุฎุฑู ุดุฏ.
[ุงุทูุงุนุงุช ] - 2025-06-30 10:52:17 - ุฎุฑูุฌ Base64 ุจุฑุง 610 ฺฉุงููฺฏ ุฏุฑ ูุงู output_base64_countries/USA.txt ุฐุฎุฑู ุดุฏ.
[ุงุทูุงุนุงุช ] - 2025-06-30 10:52:17 - ุชุนุฏุงุฏ 2 ฺฉุงููฺฏ ุฏุฑ ูุงู output_configs/Afghanistan.txt ุฐุฎุฑู ุดุฏ.
[ุงุทูุงุนุงุช ] - 2025-06-30 10:52:17 - ุฎุฑูุฌ Base64 ุจุฑุง 2 ฺฉุงููฺฏ ุฏุฑ ูุงู output_base64_countries/Afghanistan.txt ุฐุฎุฑู ุดุฏ.
[ุงุทูุงุนุงุช ] - 2025-06-30 10:52:17 - ุชุนุฏุงุฏ 9 ฺฉุงููฺฏ ุฏุฑ ูุงู output_configs/Albania.txt ุฐุฎุฑู ุดุฏ.
[ุงุทูุงุนุงุช ] - 2025-06-30 10:52:17 - ุฎุฑูุฌ Base64 ุจุฑุง 9 ฺฉุงููฺฏ ุฏุฑ ูุงู output_base64_countries/Albania.txt ุฐุฎุฑู ุดุฏ.
[ุงุทูุงุนุงุช ] - 2025-06-30 10:52:17 - ุชุนุฏุงุฏ 113 ฺฉุงููฺฏ ุฏุฑ ูุงู output_configs/Andorra.txt ุฐุฎุฑู ุดุฏ.
[ุงุทูุงุนุงุช ] - 2025-06-30 10:52:17 - ุฎุฑูุฌ Base64 ุจุฑุง 113 ฺฉุงููฺฏ ุฏุฑ ูุงู output_base64_countries/Andorra.txt ุฐุฎุฑู ุดุฏ.
[ุงุทูุงุนุงุช ] - 2025-06-30 10:52:17 - ุชุนุฏุงุฏ 23 ฺฉุงููฺฏ ุฏุฑ ูุงู output_configs/Angola.txt ุฐุฎุฑู ุดุฏ.
[ุงุทูุงุนุงุช ] - 2025-06-30 10:52:17 - ุฎุฑูุฌ Base64 ุจุฑุง 23 ฺฉุงููฺฏ ุฏุฑ ูุงู output_base64_countries/Angola.txt ุฐุฎุฑู ุดุฏ.
[ุงุทูุงุนุงุช ] - 2025-06-30 10:52:17 - ุชุนุฏุงุฏ 1 ฺฉุงููฺฏ ุฏุฑ ูุงู output_configs/AntiguaAndBarbuda.txt ุฐุฎุฑู ุดุฏ.
[ุงุทูุงุนุงุช ] - 2025-06-30 10:52:17 - ุฎุฑูุฌ Base64 ุจุฑุง 1 ฺฉุงููฺฏ ุฏุฑ ูุงู output_base64_countries/AntiguaAndBarbuda.txt ุฐุฎุฑู ุดุฏ.
[ุงุทูุงุนุงุช ] - 2025-06-30 10:52:17 - ุชุนุฏุงุฏ 180 ฺฉุงููฺฏ ุฏุฑ ูุงู output_configs/Argentina.txt ุฐุฎุฑู ุดุฏ.
[ุงุทูุงุนุงุช ] - 2025-06-30 10:52:17 - ุฎุฑูุฌ Base64 ุจุฑุง 180 ฺฉุงููฺฏ ุฏุฑ ูุงู output_base64_countries/Argentina.txt ุฐุฎุฑู ุดุฏ.
[ุงุทูุงุนุงุช ] - 2025-06-30 10:52:17 - ุชุนุฏุงุฏ 69 ฺฉุงููฺฏ ุฏุฑ ูุงู output_configs/Armenia.txt ุฐุฎุฑู ุดุฏ.
[ุงุทูุงุนุงุช ] - 2025-06-30 10:52:17 - ุฎุฑูุฌ Base64 ุจุฑุง 69 ฺฉุงููฺฏ ุฏุฑ ูุงู output_base64_countries/Armenia.txt ุฐุฎุฑู ุดุฏ.
[ุงุทูุงุนุงุช ] - 2025-06-30 10:52:17 - ุชุนุฏุงุฏ 2 ฺฉุงููฺฏ ุฏุฑ ูุงู output_configs/Austria.txt ุฐุฎุฑู ุดุฏ.
[ุงุทูุงุนุงุช ] - 2025-06-30 10:52:17 - ุฎุฑูุฌ Base64 ุจุฑุง 2 ฺฉุงููฺฏ ุฏุฑ ูุงู output_base64_countries/Austria.txt ุฐุฎุฑู ุดุฏ.
[ุงุทูุงุนุงุช ] - 2025-06-30 10:52:17 - ุชุนุฏุงุฏ 2 ฺฉุงููฺฏ ุฏุฑ ูุงู output_configs/Bahrain.txt ุฐุฎุฑู ุดุฏ.
[ุงุทูุงุนุงุช ] - 2025-06-30 10:52:17 - ุฎุฑูุฌ Base64 ุจุฑุง 2 ฺฉุงููฺฏ ุฏุฑ ูุงู output_base64_countries/Bahrain.txt ุฐุฎุฑู ุดุฏ.
[ุงุทูุงุนุงุช ] - 2025-06-30 10:52:17 - ุชุนุฏุงุฏ 12 ฺฉุงููฺฏ ุฏุฑ ูุงู output_configs/Belarus.txt ุฐุฎุฑู ุดุฏ.
[ุงุทูุงุนุงุช ] - 2025-06-30 10:52:17 - ุฎุฑูุฌ Base64 ุจุฑุง 12 ฺฉุงููฺฏ ุฏุฑ ูุงู output_base64_countries/Belarus.txt ุฐุฎุฑู ุดุฏ.
[ุงุทูุงุนุงุช ] - 2025-06-30 10:52:17 - ุชุนุฏุงุฏ 4 ฺฉุงููฺฏ ุฏุฑ ูุงู output_configs/Belgium.txt ุฐุฎุฑู ุดุฏ.
[ุงุทูุงุนุงุช ] - 2025-06-30 10:52:17 - ุฎุฑูุฌ Base64 ุจุฑุง 4 ฺฉุงููฺฏ ุฏุฑ ูุงู output_base64_countries/Belgium.txt ุฐุฎุฑู ุดุฏ.
[ุงุทูุงุนุงุช ] - 2025-06-30 10:52:17 - ุชุนุฏุงุฏ 2 ฺฉุงููฺฏ ุฏุฑ ูุงู output_configs/Bolivia.txt ุฐุฎุฑู ุดุฏ.
[ุงุทูุงุนุงุช ] - 2025-06-30 10:52:17 - ุฎุฑูุฌ Base64 ุจุฑุง 2 ฺฉุงููฺฏ ุฏุฑ ูุงู output_base64_countries/Bolivia.txt ุฐุฎุฑู ุดุฏ.
[ุงุทูุงุนุงุช ] - 2025-06-30 10:52:17 - ุชุนุฏุงุฏ 2 ฺฉุงููฺฏ ุฏุฑ ูุงู output_configs/BosniaAndHerzegovina.txt ุฐุฎุฑู ุดุฏ.
[ุงุทูุงุนุงุช ] - 2025-06-30 10:52:17 - ุฎุฑูุฌ Base64 ุจุฑุง 2 ฺฉุงููฺฏ ุฏุฑ ูุงู output_base64_countries/BosniaAndHerzegovina.txt ุฐุฎุฑู ุดุฏ.
[ุงุทูุงุนุงุช ] - 2025-06-30 10:52:17 - ุชุนุฏุงุฏ 2 ฺฉุงููฺฏ ุฏุฑ ูุงู output_configs/Brazil.txt ุฐุฎุฑู ุดุฏ.
[ุงุทูุงุนุงุช ] - 2025-06-30 10:52:17 - ุฎุฑูุฌ Base64 ุจุฑุง 2 ฺฉุงููฺฏ ุฏุฑ ูุงู output_base64_countries/Brazil.txt ุฐุฎุฑู ุดุฏ.
[ุงุทูุงุนุงุช ] - 2025-06-30 10:52:17 - ุชุนุฏุงุฏ 4 ฺฉุงููฺฏ ุฏุฑ ูุงู output_configs/Bulgaria.txt ุฐุฎุฑู ุดุฏ.
[ุงุทูุงุนุงุช ] - 2025-06-30 10:52:17 - ุฎุฑูุฌ Base64 ุจุฑุง 4 ฺฉุงููฺฏ ุฏุฑ ูุงู output_base64_countries/Bulgaria.txt ุฐุฎุฑู ุดุฏ.
[ุงุทูุงุนุงุช ] - 2025-06-30 10:52:17 - ุชุนุฏุงุฏ 2 ฺฉุงููฺฏ ุฏุฑ ูุงู output_configs/Cambodia.txt ุฐุฎุฑู ุดุฏ.
[ุงุทูุงุนุงุช ] - 2025-06-30 10:52:17 - ุฎุฑูุฌ Base64 ุจุฑุง 2 ฺฉุงููฺฏ ุฏุฑ ูุงู output_base64_countries/Cambodia.txt ุฐุฎุฑู ุดุฏ.
[ุงุทูุงุนุงุช ] - 2025-06-30 10:52:17 - ุชุนุฏุงุฏ 20 ฺฉุงููฺฏ ุฏุฑ ูุงู output_configs/Canada.txt ุฐุฎุฑู ุดุฏ.
[ุงุทูุงุนุงุช ] - 2025-06-30 10:52:17 - ุฎุฑูุฌ Base64 ุจุฑุง 20 ฺฉุงููฺฏ ุฏุฑ ูุงู output_base64_countries/Canada.txt ุฐุฎุฑู ุดุฏ.
[ุงุทูุงุนุงุช ] - 2025-06-30 10:52:17 - ุชุนุฏุงุฏ 36 ฺฉุงููฺฏ ุฏุฑ ูุงู output_configs/CentralAfricanRepublic.txt ุฐุฎุฑู ุดุฏ.
[ุงุทูุงุนุงุช ] - 2025-06-30 10:52:17 - ุฎุฑูุฌ Base64 ุจุฑุง 36 ฺฉุงููฺฏ ุฏุฑ ูุงู output_base64_countries/CentralAfricanRepublic.txt ุฐุฎุฑู ุดุฏ.
[ุงุทูุงุนุงุช ] - 2025-06-30 10:52:17 - ุชุนุฏุงุฏ 58 ฺฉุงููฺฏ ุฏุฑ ูุงู output_configs/Chile.txt ุฐุฎุฑู ุดุฏ.
[ุงุทูุงุนุงุช ] - 2025-06-30 10:52:17 - ุฎุฑูุฌ Base64 ุจุฑุง 58 ฺฉุงููฺฏ ุฏุฑ ูุงู output_base64_countries/Chile.txt ุฐุฎุฑู ุดุฏ.
[ุงุทูุงุนุงุช ] - 2025-06-30 10:52:17 - ุชุนุฏุงุฏ 1 ฺฉุงููฺฏ ุฏุฑ ูุงู output_configs/China.txt ุฐุฎุฑู ุดุฏ.
[ุงุทูุงุนุงุช ] - 2025-06-30 10:52:17 - ุฎุฑูุฌ Base64 ุจุฑุง 1 ฺฉุงููฺฏ ุฏุฑ ูุงู output_base64_countries/China.txt ุฐุฎุฑู ุดุฏ.
[ุงุทูุงุนุงุช ] - 2025-06-30 10:52:17 - ุชุนุฏุงุฏ 230 ฺฉุงููฺฏ ุฏุฑ ูุงู output_configs/Colombia.txt ุฐุฎุฑู ุดุฏ.
[ุงุทูุงุนุงุช ] - 2025-06-30 10:52:17 - ุฎุฑูุฌ Base64 ุจุฑุง 230 ฺฉุงููฺฏ ุฏุฑ ูุงู output_base64_countries/Colombia.txt ุฐุฎุฑู ุดุฏ.
[ุงุทูุงุนุงุช ] - 2025-06-30 10:52:17 - ุชุนุฏุงุฏ 11 ฺฉุงููฺฏ ุฏุฑ ูุงู output_configs/Cyprus.txt ุฐุฎุฑู ุดุฏ.
[ุงุทูุงุนุงุช ] - 2025-06-30 10:52:17 - ุฎุฑูุฌ Base64 ุจุฑุง 11 ฺฉุงููฺฏ ุฏุฑ ูุงู output_base64_countries/Cyprus.txt ุฐุฎุฑู ุดุฏ.
[ุงุทูุงุนุงุช ] - 2025-06-30 10:52:17 - ุชุนุฏุงุฏ 2 ฺฉุงููฺฏ ุฏุฑ ูุงู output_configs/Denmark.txt ุฐุฎุฑู ุดุฏ.
[ุงุทูุงุนุงุช ] - 2025-06-30 10:52:17 - ุฎุฑูุฌ Base64 ุจุฑุง 2 ฺฉุงููฺฏ ุฏุฑ ูุงู output_base64_countries/Denmark.txt ุฐุฎุฑู ุดุฏ.
[ุงุทูุงุนุงุช ] - 2025-06-30 10:52:17 - ุชุนุฏุงุฏ 58 ฺฉุงููฺฏ ุฏุฑ ูุงู output_configs/DominicanRepublic.txt ุฐุฎุฑู ุดุฏ.
[ุงุทูุงุนุงุช ] - 2025-06-30 10:52:17 - ุฎุฑูุฌ Base64 ุจุฑุง 58 ฺฉุงููฺฏ ุฏุฑ ูุงู output_base64_countries/DominicanRepublic.txt ุฐุฎุฑู ุดุฏ.
[ุงุทูุงุนุงุช ] - 2025-06-30 10:52:17 - ุชุนุฏุงุฏ 2 ฺฉุงููฺฏ ุฏุฑ ูุงู output_configs/Ecuador.txt ุฐุฎุฑู ุดุฏ.
[ุงุทูุงุนุงุช ] - 2025-06-30 10:52:17 - ุฎุฑูุฌ Base64 ุจุฑุง 2 ฺฉุงููฺฏ ุฏุฑ ูุงู output_base64_countries/Ecuador.txt ุฐุฎุฑู ุดุฏ.
[ุงุทูุงุนุงุช ] - 2025-06-30 10:52:17 - ุชุนุฏุงุฏ 23 ฺฉุงููฺฏ ุฏุฑ ูุงู output_configs/Eritrea.txt ุฐุฎุฑู ุดุฏ.
[ุงุทูุงุนุงุช ] - 2025-06-30 10:52:17 - ุฎุฑูุฌ Base64 ุจุฑุง 23 ฺฉุงููฺฏ ุฏุฑ ูุงู output_base64_countries/Eritrea.txt ุฐุฎุฑู ุดุฏ.
[ุงุทูุงุนุงุช ] - 2025-06-30 10:52:17 - ุชุนุฏุงุฏ 54 ฺฉุงููฺฏ ุฏุฑ ูุงู output_configs/Estonia.txt ุฐุฎุฑู ุดุฏ.
[ุงุทูุงุนุงุช ] - 2025-06-30 10:52:17 - ุฎุฑูุฌ Base64 ุจุฑุง 54 ฺฉุงููฺฏ ุฏุฑ ูุงู output_base64_countries/Estonia.txt ุฐุฎุฑู ุดุฏ.
[ุงุทูุงุนุงุช ] - 2025-06-30 10:52:17 - ุชุนุฏุงุฏ 22 ฺฉุงููฺฏ ุฏุฑ ูุงู output_configs/Ethiopia.txt ุฐุฎุฑู ุดุฏ.
[ุงุทูุงุนุงุช ] - 2025-06-30 10:52:17 - ุฎุฑูุฌ Base64 ุจุฑุง 22 ฺฉุงููฺฏ ุฏุฑ ูุงู output_base64_countries/Ethiopia.txt ุฐุฎุฑู ุดุฏ.
[ุงุทูุงุนุงุช ] - 2025-06-30 10:52:17 - ุชุนุฏุงุฏ 16 ฺฉุงููฺฏ ุฏุฑ ูุงู output_configs/Finland.txt ุฐุฎุฑู ุดุฏ.
[ุงุทูุงุนุงุช ] - 2025-06-30 10:52:17 - ุฎุฑูุฌ Base64 ุจุฑุง 16 ฺฉุงููฺฏ ุฏุฑ ูุงู output_base64_countries/Finland.txt ุฐุฎุฑู ุดุฏ.
[ุงุทูุงุนุงุช ] - 2025-06-30 10:52:17 - ุชุนุฏุงุฏ 13 ฺฉุงููฺฏ ุฏุฑ ูุงู output_configs/France.txt ุฐุฎุฑู ุดุฏ.
[ุงุทูุงุนุงุช ] - 2025-06-30 10:52:17 - ุฎุฑูุฌ Base64 ุจุฑุง 13 ฺฉุงููฺฏ ุฏุฑ ูุงู output_base64_countries/France.txt ุฐุฎุฑู ุดุฏ.
[ุงุทูุงุนุงุช ] - 2025-06-30 10:52:17 - ุชุนุฏุงุฏ 64 ฺฉุงููฺฏ ุฏุฑ ูุงู output_configs/Germany.txt ุฐุฎุฑู ุดุฏ.
[ุงุทูุงุนุงุช ] - 2025-06-30 10:52:17 - ุฎุฑูุฌ Base64 ุจุฑุง 64 ฺฉุงููฺฏ ุฏุฑ ูุงู output_base64_countries/Germany.txt ุฐุฎุฑู ุดุฏ.
[ุงุทูุงุนุงุช ] - 2025-06-30 10:52:17 - ุชุนุฏุงุฏ 4 ฺฉุงููฺฏ ุฏุฑ ูุงู output_configs/Greece.txt ุฐุฎุฑู ุดุฏ.
[ุงุทูุงุนุงุช ] - 2025-06-30 10:52:17 - ุฎุฑูุฌ Base64 ุจุฑุง 4 ฺฉุงููฺฏ ุฏุฑ ูุงู output_base64_countries/Greece.txt ุฐุฎุฑู ุดุฏ.
[ุงุทูุงุนุงุช ] - 2025-06-30 10:52:17 - ุชุนุฏุงุฏ 2 ฺฉุงููฺฏ ุฏุฑ ูุงู output_configs/Hungary.txt ุฐุฎุฑู ุดุฏ.
[ุงุทูุงุนุงุช ] - 2025-06-30 10:52:17 - ุฎุฑูุฌ Base64 ุจุฑุง 2 ฺฉุงููฺฏ ุฏุฑ ูุงู output_base64_countries/Hungary.txt ุฐุฎุฑู ุดุฏ.
[ุงุทูุงุนุงุช ] - 2025-06-30 10:52:17 - ุชุนุฏุงุฏ 1 ฺฉุงููฺฏ ุฏุฑ ูุงู output_configs/Iceland.txt ุฐุฎุฑู ุดุฏ.
[ุงุทูุงุนุงุช ] - 2025-06-30 10:52:17 - ุฎุฑูุฌ Base64 ุจุฑุง 1 ฺฉุงููฺฏ ุฏุฑ ูุงู output_base64_countries/Iceland.txt ุฐุฎุฑู ุดุฏ.
[ุงุทูุงุนุงุช ] - 2025-06-30 10:52:17 - ุชุนุฏุงุฏ 12 ฺฉุงููฺฏ ุฏุฑ ูุงู output_configs/India.txt ุฐุฎุฑู ุดุฏ.
[ุงุทูุงุนุงุช ] - 2025-06-30 10:52:17 - ุฎุฑูุฌ Base64 ุจุฑุง 12 ฺฉุงููฺฏ ุฏุฑ ูุงู output_base64_countries/India.txt ุฐุฎุฑู ุดุฏ.
[ุงุทูุงุนุงุช ] - 2025-06-30 10:52:17 - ุชุนุฏุงุฏ 122 ฺฉุงููฺฏ ุฏุฑ ูุงู output_configs/Iran.txt ุฐุฎุฑู ุดุฏ.
[ุงุทูุงุนุงุช ] - 2025-06-30 10:52:17 - ุฎุฑูุฌ Base64 ุจุฑุง 122 ฺฉุงููฺฏ ุฏุฑ ูุงู output_base64_countries/Iran.txt ุฐุฎุฑู ุดุฏ.
[ุงุทูุงุนุงุช ] - 2025-06-30 10:52:17 - ุชุนุฏุงุฏ 1 ฺฉุงููฺฏ ุฏุฑ ูุงู output_configs/Laos.txt ุฐุฎุฑู ุดุฏ.
[ุงุทูุงุนุงุช ] - 2025-06-30 10:52:17 - ุฎุฑูุฌ Base64 ุจุฑุง 1 ฺฉุงููฺฏ ุฏุฑ ูุงู output_base64_countries/Laos.txt ุฐุฎุฑู ุดุฏ.
[ุงุทูุงุนุงุช ] - 2025-06-30 10:52:17 - ุชุนุฏุงุฏ 6 ฺฉุงููฺฏ ุฏุฑ ูุงู output_configs/Lebanon.txt ุฐุฎุฑู ุดุฏ.
[ุงุทูุงุนุงุช ] - 2025-06-30 10:52:17 - ุฎุฑูุฌ Base64 ุจุฑุง 6 ฺฉุงููฺฏ ุฏุฑ ูุงู output_base64_countries/Lebanon.txt ุฐุฎุฑู ุดุฏ.
[ุงุทูุงุนุงุช ] - 2025-06-30 10:52:17 - ุชุนุฏุงุฏ 17 ฺฉุงููฺฏ ุฏุฑ ูุงู output_configs/Lesotho.txt ุฐุฎุฑู ุดุฏ.
[ุงุทูุงุนุงุช ] - 2025-06-30 10:52:17 - ุฎุฑูุฌ Base64 ุจุฑุง 17 ฺฉุงููฺฏ ุฏุฑ ูุงู output_base64_countries/Lesotho.txt ุฐุฎุฑู ุดุฏ.
[ุงุทูุงุนุงุช ] - 2025-06-30 10:52:17 - ุชุนุฏุงุฏ 29 ฺฉุงููฺฏ ุฏุฑ ูุงู output_configs/Liechtenstein.txt ุฐุฎุฑู ุดุฏ.
[ุงุทูุงุนุงุช ] - 2025-06-30 10:52:17 - ุฎุฑูุฌ Base64 ุจุฑุง 29 ฺฉุงููฺฏ ุฏุฑ ูุงู output_base64_countries/Liechtenstein.txt ุฐุฎุฑู ุดุฏ.
[ุงุทูุงุนุงุช ] - 2025-06-30 10:52:17 - ุชุนุฏุงุฏ 4 ฺฉุงููฺฏ ุฏุฑ ูุงู output_configs/Lithuania.txt ุฐุฎุฑู ุดุฏ.
[ุงุทูุงุนุงุช ] - 2025-06-30 10:52:17 - ุฎุฑูุฌ Base64 ุจุฑุง 4 ฺฉุงููฺฏ ุฏุฑ ูุงู output_base64_countries/Lithuania.txt ุฐุฎุฑู ุดุฏ.
[ุงุทูุงุนุงุช ] - 2025-06-30 10:52:17 - ุชุนุฏุงุฏ 2 ฺฉุงููฺฏ ุฏุฑ ูุงู output_configs/Luxembourg.txt ุฐุฎุฑู ุดุฏ.
[ุงุทูุงุนุงุช ] - 2025-06-30 10:52:17 - ุฎุฑูุฌ Base64 ุจุฑุง 2 ฺฉุงููฺฏ ุฏุฑ ูุงู output_base64_countries/Luxembourg.txt ุฐุฎุฑู ุดุฏ.
[ุงุทูุงุนุงุช ] - 2025-06-30 10:52:17 - ุชุนุฏุงุฏ 21 ฺฉุงููฺฏ ุฏุฑ ูุงู output_configs/Netherlands.txt ุฐุฎุฑู ุดุฏ.
[ุงุทูุงุนุงุช ] - 2025-06-30 10:52:17 - ุฎุฑูุฌ Base64 ุจุฑุง 21 ฺฉุงููฺฏ ุฏุฑ ูุงู output_base64_countries/Netherlands.txt ุฐุฎุฑู ุดุฏ.
[ุงุทูุงุนุงุช ] - 2025-06-30 10:52:17 - ุชุนุฏุงุฏ 2 ฺฉุงููฺฏ ุฏุฑ ูุงู output_configs/Nicaragua.txt ุฐุฎุฑู ุดุฏ.
[ุงุทูุงุนุงุช ] - 2025-06-30 10:52:17 - ุฎุฑูุฌ Base64 ุจุฑุง 2 ฺฉุงููฺฏ ุฏุฑ ูุงู output_base64_countries/Nicaragua.txt ุฐุฎุฑู ุดุฏ.
[ุงุทูุงุนุงุช ] - 2025-06-30 10:52:17 - ุชุนุฏุงุฏ 28 ฺฉุงููฺฏ ุฏุฑ ูุงู output_configs/Norway.txt ุฐุฎุฑู ุดุฏ.
[ุงุทูุงุนุงุช ] - 2025-06-30 10:52:17 - ุฎุฑูุฌ Base64 ุจุฑุง 28 ฺฉุงููฺฏ ุฏุฑ ูุงู output_base64_countries/Norway.txt ุฐุฎุฑู ุดุฏ.
[ุงุทูุงุนุงุช ] - 2025-06-30 10:52:17 - ุชุนุฏุงุฏ 21 ฺฉุงููฺฏ ุฏุฑ ูุงู output_configs/Romania.txt ุฐุฎุฑู ุดุฏ.
[ุงุทูุงุนุงุช ] - 2025-06-30 10:52:17 - ุฎุฑูุฌ Base64 ุจุฑุง 21 ฺฉุงููฺฏ ุฏุฑ ูุงู output_base64_countries/Romania.txt ุฐุฎุฑู ุดุฏ.
[ุงุทูุงุนุงุช ] - 2025-06-30 10:52:17 - ุชุนุฏุงุฏ 4 ฺฉุงููฺฏ ุฏุฑ ูุงู output_configs/SaoTomeAndPrincipe.txt ุฐุฎุฑู ุดุฏ.
[ุงุทูุงุนุงุช ] - 2025-06-30 10:52:17 - ุฎุฑูุฌ Base64 ุจุฑุง 4 ฺฉุงููฺฏ ุฏุฑ ูุงู output_base64_countries/SaoTomeAndPrincipe.txt ุฐุฎุฑู ุดุฏ.
[ุงุทูุงุนุงุช ] - 2025-06-30 10:52:17 - ุชุนุฏุงุฏ 4 ฺฉุงููฺฏ ุฏุฑ ูุงู output_configs/SouthSudan.txt ุฐุฎุฑู ุดุฏ.
[ุงุทูุงุนุงุช ] - 2025-06-30 10:52:17 - ุฎุฑูุฌ Base64 ุจุฑุง 4 ฺฉุงููฺฏ ุฏุฑ ูุงู output_base64_countries/SouthSudan.txt ุฐุฎุฑู ุดุฏ.
[ุงุทูุงุนุงุช ] - 2025-06-30 10:52:17 - ุชุนุฏุงุฏ 2 ฺฉุงููฺฏ ุฏุฑ ูุงู output_configs/Spain.txt ุฐุฎุฑู ุดุฏ.
[ุงุทูุงุนุงุช ] - 2025-06-30 10:52:17 - ุฎุฑูุฌ Base64 ุจุฑุง 2 ฺฉุงููฺฏ ุฏุฑ ูุงู output_base64_countries/Spain.txt ุฐุฎุฑู ุดุฏ.
[ุงุทูุงุนุงุช ] - 2025-06-30 10:52:17 - ุชุนุฏุงุฏ 5 ฺฉุงููฺฏ ุฏุฑ ูุงู output_configs/Sweden.txt ุฐุฎุฑู ุดุฏ.
[ุงุทูุงุนุงุช ] - 2025-06-30 10:52:17 - ุฎุฑูุฌ Base64 ุจุฑุง 5 ฺฉุงููฺฏ ุฏุฑ ูุงู output_base64_countries/Sweden.txt ุฐุฎุฑู ุดุฏ.
[ุงุทูุงุนุงุช ] - 2025-06-30 10:52:17 - ุชุนุฏุงุฏ 2 ฺฉุงููฺฏ ุฏุฑ ูุงู output_configs/Switzerland.txt ุฐุฎุฑู ุดุฏ.
[ุงุทูุงุนุงุช ] - 2025-06-30 10:52:17 - ุฎุฑูุฌ Base64 ุจุฑุง 2 ฺฉุงููฺฏ ุฏุฑ ูุงู output_base64_countries/Switzerland.txt ุฐุฎุฑู ุดุฏ.
[ุงุทูุงุนุงุช ] - 2025-06-30 10:52:17 - ุชุนุฏุงุฏ 4 ฺฉุงููฺฏ ุฏุฑ ูุงู output_configs/Turkey.txt ุฐุฎุฑู ุดุฏ.
[ุงุทูุงุนุงุช ] - 2025-06-30 10:52:17 - ุฎุฑูุฌ Base64 ุจุฑุง 4 ฺฉุงููฺฏ ุฏุฑ ูุงู output_base64_countries/Turkey.txt ุฐุฎุฑู ุดุฏ.
[ุงุทูุงุนุงุช ] - 2025-06-30 10:52:17 - ุชุนุฏุงุฏ 3 ฺฉุงููฺฏ ุฏุฑ ูุงู output_configs/UAE.txt ุฐุฎุฑู ุดุฏ.
[ุงุทูุงุนุงุช ] - 2025-06-30 10:52:17 - ุฎุฑูุฌ Base64 ุจุฑุง 3 ฺฉุงููฺฏ ุฏุฑ ูุงู output_base64_countries/UAE.txt ุฐุฎุฑู ุดุฏ.
[ุงุทูุงุนุงุช ] - 2025-06-30 10:52:17 - ุชุนุฏุงุฏ 6 ฺฉุงููฺฏ ุฏุฑ ูุงู output_configs/UK.txt ุฐุฎุฑู ุดุฏ.
[ุงุทูุงุนุงุช ] - 2025-06-30 10:52:17 - ุฎุฑูุฌ Base64 ุจุฑุง 6 ฺฉุงููฺฏ ุฏุฑ ูุงู output_base64_countries/UK.txt ุฐุฎุฑู ุดุฏ.
[ุงุทูุงุนุงุช ] - 2025-06-30 10:52:17 - ุชุนุฏุงุฏ 2 ฺฉุงููฺฏ ุฏุฑ ูุงู output_configs/Uruguay.txt ุฐุฎุฑู ุดุฏ.
[ุงุทูุงุนุงุช ] - 2025-06-30 10:52:17 - ุฎุฑูุฌ Base64 ุจุฑุง 2 ฺฉุงููฺฏ ุฏุฑ ูุงู output_base64_countries/Uruguay.txt ุฐุฎุฑู ุดุฏ.
[ุงุทูุงุนุงุช ] - 2025-06-30 10:52:17 - --- ุชููุฏ ฺฏุฒุงุฑุด ููุง ---
[ุงุทูุงุนุงุช ] - 2025-06-30 10:52:17 - ูุงู README.md ุจุง ููููุช ุชููุฏ ุดุฏ.
[ุงุทูุงุนุงุช ] - 2025-06-30 10:52:17 - ูุงู ููฺฉโูุง ูุฑูุงู ุฏุฑ output_normal_links.txt ุฐุฎุฑู ุดุฏ.
[ุงุทูุงุนุงุช ] - 2025-06-30 10:52:17 - ูุงู ููฺฉโูุง Base64 ุฏุฑ output_base64_links.txt ุฐุฎุฑู ุดุฏ.
[ุงุทูุงุนุงุช ] - 2025-06-30 10:52:17 - ==================================================
[ุงุทูุงุนุงุช ] - 2025-06-30 10:52:17 - ๐ ุชูุงู ูุฑุงุญู ุจุง ููููุช ุงูุฌุงู ุดุฏ. ุจุฑูุงูู ุจู ูพุงุงู ุฑุณุฏ.
[ุงุทูุงุนุงุช ] - 2025-06-30 10:52:17 - ==================================================
